                                 Started job on |	Mar 27 21:45:58
                             Started mapping on |	Mar 27 21:46:06
                                    Finished on |	Mar 27 21:49:36
       Mapping speed, Million of reads per hour |	599.59

                          Number of input reads |	34975832
                      Average input read length |	299
                                    UNIQUE READS:
                   Uniquely mapped reads number |	32665456
                        Uniquely mapped reads % |	93.39%
                          Average mapped length |	296.72
                       Number of splices: Total |	32005380
            Number of splices: Annotated (sjdb) |	31555290
                       Number of splices: GT/AG |	31635683
                       Number of splices: GC/AG |	281561
                       Number of splices: AT/AC |	31158
               Number of splices: Non-canonical |	56978
                      Mismatch rate per base, % |	0.35%
                         Deletion rate per base |	0.02%
                        Deletion average length |	2.03
                        Insertion rate per base |	0.01%
                       Insertion average length |	1.71
                             MULTI-MAPPING READS:
        Number of reads mapped to multiple loci |	839879
             % of reads mapped to multiple loci |	2.40%
        Number of reads mapped to too many loci |	8496
             % of reads mapped to too many loci |	0.02%
                                  UNMAPPED READS:
  Number of reads unmapped: too many mismatches |	0
       % of reads unmapped: too many mismatches |	0.00%
            Number of reads unmapped: too short |	1447951
                 % of reads unmapped: too short |	4.14%
                Number of reads unmapped: other |	14050
                     % of reads unmapped: other |	0.04%
                                  CHIMERIC READS:
                       Number of chimeric reads |	0
                            % of chimeric reads |	0.00%
