                                 Started job on |	Mar 27 21:41:01
                             Started mapping on |	Mar 27 21:41:12
                                    Finished on |	Mar 27 21:43:30
       Mapping speed, Million of reads per hour |	596.34

                          Number of input reads |	22859572
                      Average input read length |	298
                                    UNIQUE READS:
                   Uniquely mapped reads number |	21456881
                        Uniquely mapped reads % |	93.86%
                          Average mapped length |	296.50
                       Number of splices: Total |	20280488
            Number of splices: Annotated (sjdb) |	19997925
                       Number of splices: GT/AG |	20047458
                       Number of splices: GC/AG |	177800
                       Number of splices: AT/AC |	19509
               Number of splices: Non-canonical |	35721
                      Mismatch rate per base, % |	0.34%
                         Deletion rate per base |	0.02%
                        Deletion average length |	2.01
                        Insertion rate per base |	0.01%
                       Insertion average length |	1.71
                             MULTI-MAPPING READS:
        Number of reads mapped to multiple loci |	573484
             % of reads mapped to multiple loci |	2.51%
        Number of reads mapped to too many loci |	5532
             % of reads mapped to too many loci |	0.02%
                                  UNMAPPED READS:
  Number of reads unmapped: too many mismatches |	0
       % of reads unmapped: too many mismatches |	0.00%
            Number of reads unmapped: too short |	814404
                 % of reads unmapped: too short |	3.56%
                Number of reads unmapped: other |	9271
                     % of reads unmapped: other |	0.04%
                                  CHIMERIC READS:
                       Number of chimeric reads |	0
                            % of chimeric reads |	0.00%
