                                 Started job on |	Mar 27 21:43:32
                             Started mapping on |	Mar 27 21:43:45
                                    Finished on |	Mar 27 21:45:56
       Mapping speed, Million of reads per hour |	629.05

                          Number of input reads |	22890267
                      Average input read length |	298
                                    UNIQUE READS:
                   Uniquely mapped reads number |	21348913
                        Uniquely mapped reads % |	93.27%
                          Average mapped length |	295.84
                       Number of splices: Total |	20753133
            Number of splices: Annotated (sjdb) |	20461380
                       Number of splices: GT/AG |	20514146
                       Number of splices: GC/AG |	182080
                       Number of splices: AT/AC |	20371
               Number of splices: Non-canonical |	36536
                      Mismatch rate per base, % |	0.35%
                         Deletion rate per base |	0.02%
                        Deletion average length |	2.03
                        Insertion rate per base |	0.01%
                       Insertion average length |	1.71
                             MULTI-MAPPING READS:
        Number of reads mapped to multiple loci |	586709
             % of reads mapped to multiple loci |	2.56%
        Number of reads mapped to too many loci |	5892
             % of reads mapped to too many loci |	0.03%
                                  UNMAPPED READS:
  Number of reads unmapped: too many mismatches |	0
       % of reads unmapped: too many mismatches |	0.00%
            Number of reads unmapped: too short |	939012
                 % of reads unmapped: too short |	4.10%
                Number of reads unmapped: other |	9741
                     % of reads unmapped: other |	0.04%
                                  CHIMERIC READS:
                       Number of chimeric reads |	0
                            % of chimeric reads |	0.00%
