                                 Started job on |	Mar 27 21:56:52
                             Started mapping on |	Mar 27 21:57:04
                                    Finished on |	Mar 27 21:59:28
       Mapping speed, Million of reads per hour |	562.03

                          Number of input reads |	22481129
                      Average input read length |	299
                                    UNIQUE READS:
                   Uniquely mapped reads number |	20821912
                        Uniquely mapped reads % |	92.62%
                          Average mapped length |	296.53
                       Number of splices: Total |	17003830
            Number of splices: Annotated (sjdb) |	16752375
                       Number of splices: GT/AG |	16805994
                       Number of splices: GC/AG |	146953
                       Number of splices: AT/AC |	15931
               Number of splices: Non-canonical |	34952
                      Mismatch rate per base, % |	0.36%
                         Deletion rate per base |	0.02%
                        Deletion average length |	2.03
                        Insertion rate per base |	0.01%
                       Insertion average length |	1.68
                             MULTI-MAPPING READS:
        Number of reads mapped to multiple loci |	727066
             % of reads mapped to multiple loci |	3.23%
        Number of reads mapped to too many loci |	7314
             % of reads mapped to too many loci |	0.03%
                                  UNMAPPED READS:
  Number of reads unmapped: too many mismatches |	0
       % of reads unmapped: too many mismatches |	0.00%
            Number of reads unmapped: too short |	914275
                 % of reads unmapped: too short |	4.07%
                Number of reads unmapped: other |	10562
                     % of reads unmapped: other |	0.05%
                                  CHIMERIC READS:
                       Number of chimeric reads |	0
                            % of chimeric reads |	0.00%
