                                 Started job on |	Mar 27 21:53:17
                             Started mapping on |	Mar 27 21:53:30
                                    Finished on |	Mar 27 21:56:50
       Mapping speed, Million of reads per hour |	567.38

                          Number of input reads |	31520989
                      Average input read length |	298
                                    UNIQUE READS:
                   Uniquely mapped reads number |	29111465
                        Uniquely mapped reads % |	92.36%
                          Average mapped length |	296.22
                       Number of splices: Total |	23711964
            Number of splices: Annotated (sjdb) |	23357963
                       Number of splices: GT/AG |	23437591
                       Number of splices: GC/AG |	204887
                       Number of splices: AT/AC |	21755
               Number of splices: Non-canonical |	47731
                      Mismatch rate per base, % |	0.37%
                         Deletion rate per base |	0.02%
                        Deletion average length |	2.03
                        Insertion rate per base |	0.01%
                       Insertion average length |	1.69
                             MULTI-MAPPING READS:
        Number of reads mapped to multiple loci |	1090890
             % of reads mapped to multiple loci |	3.46%
        Number of reads mapped to too many loci |	10996
             % of reads mapped to too many loci |	0.03%
                                  UNMAPPED READS:
  Number of reads unmapped: too many mismatches |	0
       % of reads unmapped: too many mismatches |	0.00%
            Number of reads unmapped: too short |	1291918
                 % of reads unmapped: too short |	4.10%
                Number of reads unmapped: other |	15720
                     % of reads unmapped: other |	0.05%
                                  CHIMERIC READS:
                       Number of chimeric reads |	0
                            % of chimeric reads |	0.00%
